[{"line":2,"elements":[{"line":3,"name":"user already login with register test","description":"","type":"background","keyword":"Background","steps":[]},{"start_timestamp":"2022-12-02T12:31:42.763Z","line":6,"name":"User can create new Blast with blank title and description","description":"","id":"test-functionality-blast-page;user-can-create-new-blast-with-blank-title-and-description","type":"scenario","keyword":"Scenario","steps":[{"result":{"duration":35665855000,"status":"passed"},"line":7,"name":"User navigate to Blast menu","match":{"location":"com.Dayat.stepdefs.StepBlast.userNavigateToBlastMenu()"},"keyword":"Given "},{"result":{"duration":4221088000,"status":"passed"},"line":8,"name":"User click button Create Blast","match":{"location":"com.Dayat.stepdefs.StepBlast.userClickButtonCreateBlast()"},"keyword":"When "},{"result":{"duration":206302000,"status":"passed"},"line":9,"name":"User click button publish","match":{"location":"com.Dayat.stepdefs.StepBlast.userClickButtonPublish()"},"keyword":"And "},{"result":{"duration":1010633000,"status":"passed"},"line":10,"name":"User can't create new blast","match":{"location":"com.Dayat.stepdefs.StepBlast.userCanTCreateNewBlast()"},"keyword":"Then "}],"tags":[{"name":"@Blast-Negative"},{"name":"@Negative-Add-New-Blast"}]},{"line":3,"name":"user already login with register test","description":"","type":"background","keyword":"Background","steps":[]},{"start_timestamp":"2022-12-02T12:32:24.121Z","line":13,"name":"User can create comment on blast","description":"","id":"test-functionality-blast-page;user-can-create-comment-on-blast","type":"scenario","keyword":"Scenario","steps":[{"result":{"duration":27325958000,"status":"passed"},"line":14,"name":"User navigate to Blast menu","match":{"location":"com.Dayat.stepdefs.StepBlast.userNavigateToBlastMenu()"},"keyword":"Given "},{"result":{"duration":4104791000,"status":"passed"},"line":15,"name":"User select post blast want comment","match":{"location":"com.Dayat.stepdefs.StepBlast.userSelectPostBlastWantComment()"},"keyword":"When "},{"result":{"duration":4209913000,"status":"passed"},"line":16,"name":"User click select comment","match":{"location":"com.Dayat.stepdefs.StepBlast.userClickSelectComment()"},"keyword":"And "},{"result":{"duration":3543842000,"status":"passed"},"line":17,"name":"User click button post","match":{"location":"com.Dayat.stepdefs.StepBlast.userClickButtonPost()"},"keyword":"Then "}],"tags":[{"name":"@Blast-Negative"},{"name":"@Negative-Comment-at-Blast-Post"}]}],"name":"Test functionality blast Page","description":"","id":"test-functionality-blast-page","keyword":"Feature","uri":"file:src/test/resources/featureBlast/featureBlastNegative.feature","tags":[{"name":"@Blast-Negative","type":"Tag","location":{"line":1,"column":1}}]},{"line":2,"elements":[{"line":3,"name":"user already login with register test","description":"","type":"background","keyword":"Background","steps":[]},{"start_timestamp":"2022-12-02T12:33:03.412Z","line":6,"name":"User can create new Blast","description":"","id":"test-functionality-blast-page;user-can-create-new-blast","type":"scenario","keyword":"Scenario","steps":[{"result":{"error_message":"org.openqa.selenium.WebDriverException: unknown error: Chrome failed to start: exited normally.\n  (unknown error: DevToolsActivePort file doesn't exist)\n  (The process started from chrome location /Applications/Google Chrome.app/Contents/MacOS/Google Chrome is no longer running, so ChromeDriver is assuming that Chrome has crashed.)\nBuild info: version: '3.141.59', revision: 'e82be7d358', time: '2018-11-14T08:17:03'\nSystem info: host: 'Syariefs-MacBook-Pro.local', ip: 'fe80:0:0:0:10cd:d509:13ee:f13e%en0', os.name: 'Mac OS X', os.arch: 'x86_64', os.version: '12.6', java.version: '11.0.15.1'\nDriver info: driver.version: ChromeDriver\nremote stacktrace: 0   chromedriver                        0x0000000103477f38 chromedriver + 4910904\n1   chromedriver                        0x00000001033f7a03 chromedriver + 4385283\n2   chromedriver                        0x000000010303c747 chromedriver + 472903\n3   chromedriver                        0x0000000103069930 chromedriver + 657712\n4   chromedriver                        0x00000001030654a2 chromedriver + 640162\n5   chromedriver                        0x00000001030b0460 chromedriver + 947296\n6   chromedriver                        0x00000001030afcbf chromedriver + 945343\n7   chromedriver                        0x00000001030a6ee3 chromedriver + 909027\n8   chromedriver                        0x000000010307130c chromedriver + 688908\n9   chromedriver                        0x000000010307288e chromedriver + 694414\n10  chromedriver                        0x00000001034451de chromedriver + 4702686\n11  chromedriver                        0x0000000103449b19 chromedriver + 4721433\n12  chromedriver                        0x000000010345128e chromedriver + 4752014\n13  chromedriver                        0x000000010344a91a chromedriver + 4725018\n14  chromedriver                        0x000000010341eb02 chromedriver + 4545282\n15  chromedriver                        0x0000000103469888 chromedriver + 4851848\n16  chromedriver                        0x0000000103469a05 chromedriver + 4852229\n17  chromedriver                        0x000000010347fe5f chromedriver + 4943455\n18  libsystem_pthread.dylib             0x00007ff816f494e1 _pthread_start + 125\n19  libsystem_pthread.dylib             0x00007ff816f44f6b thread_start + 15\n\n\tat java.base/jdk.internal.reflect.NativeConstructorAccessorImpl.newInstance0(Native Method)\n\tat java.base/jdk.internal.reflect.NativeConstructorAccessorImpl.newInstance(NativeConstructorAccessorImpl.java:62)\n\tat java.base/jdk.internal.reflect.DelegatingConstructorAccessorImpl.newInstance(DelegatingConstructorAccessorImpl.java:45)\n\tat java.base/java.lang.reflect.Constructor.newInstance(Constructor.java:490)\n\tat org.openqa.selenium.remote.W3CHandshakeResponse.lambda$errorHandler$0(W3CHandshakeResponse.java:62)\n\tat org.openqa.selenium.remote.HandshakeResponse.lambda$getResponseFunction$0(HandshakeResponse.java:30)\n\tat org.openqa.selenium.remote.ProtocolHandshake.lambda$createSession$0(ProtocolHandshake.java:126)\n\tat java.base/java.util.stream.ReferencePipeline$3$1.accept(ReferencePipeline.java:195)\n\tat java.base/java.util.Spliterators$ArraySpliterator.tryAdvance(Spliterators.java:958)\n\tat java.base/java.util.stream.ReferencePipeline.forEachWithCancel(ReferencePipeline.java:127)\n\tat java.base/java.util.stream.AbstractPipeline.copyIntoWithCancel(AbstractPipeline.java:502)\n\tat java.base/java.util.stream.AbstractPipeline.copyInto(AbstractPipeline.java:488)\n\tat java.base/java.util.stream.AbstractPipeline.wrapAndCopyInto(AbstractPipeline.java:474)\n\tat java.base/java.util.stream.FindOps$FindOp.evaluateSequential(FindOps.java:150)\n\tat java.base/java.util.stream.AbstractPipeline.evaluate(AbstractPipeline.java:234)\n\tat java.base/java.util.stream.ReferencePipeline.findFirst(ReferencePipeline.java:543)\n\tat org.openqa.selenium.remote.ProtocolHandshake.createSession(ProtocolHandshake.java:128)\n\tat org.openqa.selenium.remote.ProtocolHandshake.createSession(ProtocolHandshake.java:74)\n\tat org.openqa.selenium.remote.HttpCommandExecutor.execute(HttpCommandExecutor.java:136)\n\tat org.openqa.selenium.remote.service.DriverCommandExecutor.execute(DriverCommandExecutor.java:83)\n\tat org.openqa.selenium.remote.RemoteWebDriver.execute(RemoteWebDriver.java:552)\n\tat org.openqa.selenium.remote.RemoteWebDriver.startSession(RemoteWebDriver.java:213)\n\tat org.openqa.selenium.remote.RemoteWebDriver.<init>(RemoteWebDriver.java:131)\n\tat org.openqa.selenium.chrome.ChromeDriver.<init>(ChromeDriver.java:181)\n\tat org.openqa.selenium.chrome.ChromeDriver.<init>(ChromeDriver.java:168)\n\tat org.openqa.selenium.chrome.ChromeDriver.<init>(ChromeDriver.java:157)\n\tat com.Dayat.base.TestBase.initialization(TestBase.java:43)\n\tat com.Dayat.stepdefs.StepBlast.userNavigateToBlastMenu(StepBlast.java:21)\n\tat ✽.User navigate to Blast menu(file:///Users/syariefhidayat/Documents/BigProjectCicleStaging/src/test/resources/featureBlast/featureBlastPositive.feature:7)\n","duration":6018447000,"status":"failed"},"line":7,"name":"User navigate to Blast menu","match":{"location":"com.Dayat.stepdefs.StepBlast.userNavigateToBlastMenu()"},"keyword":"Given "},{"result":{"duration":1492000,"status":"skipped"},"line":8,"name":"User click button Create Blast","match":{"location":"com.Dayat.stepdefs.StepBlast.userClickButtonCreateBlast()"},"keyword":"When "},{"result":{"duration":3281000,"status":"skipped"},"line":9,"name":"User click title","match":{"location":"com.Dayat.stepdefs.StepBlast.userClickTitle()"},"keyword":"And "},{"result":{"duration":303000,"status":"skipped"},"line":10,"name":"User input title","match":{"location":"com.Dayat.stepdefs.StepBlast.userInputTitle()"},"keyword":"And "},{"result":{"duration":214000,"status":"skipped"},"line":11,"name":"User input tell story","match":{"location":"com.Dayat.stepdefs.StepBlast.userInputTellStory()"},"keyword":"And "},{"result":{"duration":170000,"status":"skipped"},"line":12,"name":"User click button publish","match":{"location":"com.Dayat.stepdefs.StepBlast.userClickButtonPublish()"},"keyword":"And "},{"result":{"duration":341000,"status":"skipped"},"line":13,"name":"User successfully create new blast","match":{"location":"com.Dayat.stepdefs.StepBlast.userSuccessfullyCreateNewBlast()"},"keyword":"Then "}],"tags":[{"name":"@Blast-Positive"},{"name":"@Positive-Add-New-Blast"}]},{"line":3,"name":"user already login with register test","description":"","type":"background","keyword":"Background","steps":[]},{"start_timestamp":"2022-12-02T12:33:09.738Z","line":16,"name":"User can edit blast post","description":"","id":"test-functionality-blast-page;user-can-edit-blast-post","type":"scenario","keyword":"Scenario","steps":[{"result":{"error_message":"org.openqa.selenium.WebDriverException: unknown error: Chrome failed to start: exited normally.\n  (unknown error: DevToolsActivePort file doesn't exist)\n  (The process started from chrome location /Applications/Google Chrome.app/Contents/MacOS/Google Chrome is no longer running, so ChromeDriver is assuming that Chrome has crashed.)\nBuild info: version: '3.141.59', revision: 'e82be7d358', time: '2018-11-14T08:17:03'\nSystem info: host: 'Syariefs-MacBook-Pro.local', ip: 'fe80:0:0:0:10cd:d509:13ee:f13e%en0', os.name: 'Mac OS X', os.arch: 'x86_64', os.version: '12.6', java.version: '11.0.15.1'\nDriver info: driver.version: ChromeDriver\nremote stacktrace: 0   chromedriver                        0x00000001029e8f38 chromedriver + 4910904\n1   chromedriver                        0x0000000102968a03 chromedriver + 4385283\n2   chromedriver                        0x00000001025ad747 chromedriver + 472903\n3   chromedriver                        0x00000001025da930 chromedriver + 657712\n4   chromedriver                        0x00000001025d64a2 chromedriver + 640162\n5   chromedriver                        0x0000000102621460 chromedriver + 947296\n6   chromedriver                        0x0000000102620cbf chromedriver + 945343\n7   chromedriver                        0x0000000102617ee3 chromedriver + 909027\n8   chromedriver                        0x00000001025e230c chromedriver + 688908\n9   chromedriver                        0x00000001025e388e chromedriver + 694414\n10  chromedriver                        0x00000001029b61de chromedriver + 4702686\n11  chromedriver                        0x00000001029bab19 chromedriver + 4721433\n12  chromedriver                        0x00000001029c228e chromedriver + 4752014\n13  chromedriver                        0x00000001029bb91a chromedriver + 4725018\n14  chromedriver                        0x000000010298fb02 chromedriver + 4545282\n15  chromedriver                        0x00000001029da888 chromedriver + 4851848\n16  chromedriver                        0x00000001029daa05 chromedriver + 4852229\n17  chromedriver                        0x00000001029f0e5f chromedriver + 4943455\n18  libsystem_pthread.dylib             0x00007ff816f494e1 _pthread_start + 125\n19  libsystem_pthread.dylib             0x00007ff816f44f6b thread_start + 15\n\n\tat java.base/jdk.internal.reflect.NativeConstructorAccessorImpl.newInstance0(Native Method)\n\tat java.base/jdk.internal.reflect.NativeConstructorAccessorImpl.newInstance(NativeConstructorAccessorImpl.java:62)\n\tat java.base/jdk.internal.reflect.DelegatingConstructorAccessorImpl.newInstance(DelegatingConstructorAccessorImpl.java:45)\n\tat java.base/java.lang.reflect.Constructor.newInstance(Constructor.java:490)\n\tat org.openqa.selenium.remote.W3CHandshakeResponse.lambda$errorHandler$0(W3CHandshakeResponse.java:62)\n\tat org.openqa.selenium.remote.HandshakeResponse.lambda$getResponseFunction$0(HandshakeResponse.java:30)\n\tat org.openqa.selenium.remote.ProtocolHandshake.lambda$createSession$0(ProtocolHandshake.java:126)\n\tat java.base/java.util.stream.ReferencePipeline$3$1.accept(ReferencePipeline.java:195)\n\tat java.base/java.util.Spliterators$ArraySpliterator.tryAdvance(Spliterators.java:958)\n\tat java.base/java.util.stream.ReferencePipeline.forEachWithCancel(ReferencePipeline.java:127)\n\tat java.base/java.util.stream.AbstractPipeline.copyIntoWithCancel(AbstractPipeline.java:502)\n\tat java.base/java.util.stream.AbstractPipeline.copyInto(AbstractPipeline.java:488)\n\tat java.base/java.util.stream.AbstractPipeline.wrapAndCopyInto(AbstractPipeline.java:474)\n\tat java.base/java.util.stream.FindOps$FindOp.evaluateSequential(FindOps.java:150)\n\tat java.base/java.util.stream.AbstractPipeline.evaluate(AbstractPipeline.java:234)\n\tat java.base/java.util.stream.ReferencePipeline.findFirst(ReferencePipeline.java:543)\n\tat org.openqa.selenium.remote.ProtocolHandshake.createSession(ProtocolHandshake.java:128)\n\tat org.openqa.selenium.remote.ProtocolHandshake.createSession(ProtocolHandshake.java:74)\n\tat org.openqa.selenium.remote.HttpCommandExecutor.execute(HttpCommandExecutor.java:136)\n\tat org.openqa.selenium.remote.service.DriverCommandExecutor.execute(DriverCommandExecutor.java:83)\n\tat org.openqa.selenium.remote.RemoteWebDriver.execute(RemoteWebDriver.java:552)\n\tat org.openqa.selenium.remote.RemoteWebDriver.startSession(RemoteWebDriver.java:213)\n\tat org.openqa.selenium.remote.RemoteWebDriver.<init>(RemoteWebDriver.java:131)\n\tat org.openqa.selenium.chrome.ChromeDriver.<init>(ChromeDriver.java:181)\n\tat org.openqa.selenium.chrome.ChromeDriver.<init>(ChromeDriver.java:168)\n\tat org.openqa.selenium.chrome.ChromeDriver.<init>(ChromeDriver.java:157)\n\tat com.Dayat.base.TestBase.initialization(TestBase.java:43)\n\tat com.Dayat.stepdefs.StepBlast.userNavigateToBlastMenu(StepBlast.java:21)\n\tat ✽.User navigate to Blast menu(file:///Users/syariefhidayat/Documents/BigProjectCicleStaging/src/test/resources/featureBlast/featureBlastPositive.feature:17)\n","duration":5190147000,"status":"failed"},"line":17,"name":"User navigate to Blast menu","match":{"location":"com.Dayat.stepdefs.StepBlast.userNavigateToBlastMenu()"},"keyword":"Given "},{"result":{"duration":1556000,"status":"skipped"},"line":18,"name":"User select post blast want edit","match":{"location":"com.Dayat.stepdefs.StepBlast.userSelectPostBlastWantEdit()"},"keyword":"When "},{"result":{"duration":627000,"status":"skipped"},"line":19,"name":"User click tree dot button","match":{"location":"com.Dayat.stepdefs.StepBlast.userClickTreeDotButton()"},"keyword":"And "},{"result":{"duration":370000,"status":"skipped"},"line":20,"name":"User click edit menu","match":{"location":"com.Dayat.stepdefs.StepBlast.userClickEditMenu()"},"keyword":"And "},{"result":{"duration":582000,"status":"skipped"},"line":21,"name":"User input tell story","match":{"location":"com.Dayat.stepdefs.StepBlast.userInputTellStory()"},"keyword":"And "},{"result":{"duration":1196000,"status":"skipped"},"line":22,"name":"User click Save Change Button","match":{"location":"com.Dayat.stepdefs.StepBlast.userClickSaveChangeButton()"},"keyword":"And "},{"result":{"duration":484000,"status":"skipped"},"line":23,"name":"User successfully edit post blast","match":{"location":"com.Dayat.stepdefs.StepBlast.userSuccessfullyEditPostBlast()"},"keyword":"Then "}],"tags":[{"name":"@Blast-Positive"},{"name":"@Positive-Edit-Blast-Post"}]},{"line":3,"name":"user already login with register test","description":"","type":"background","keyword":"Background","steps":[]},{"start_timestamp":"2022-12-02T12:33:15.070Z","line":26,"name":"User can create comment on blast","description":"","id":"test-functionality-blast-page;user-can-create-comment-on-blast","type":"scenario","keyword":"Scenario","steps":[{"result":{"error_message":"org.openqa.selenium.WebDriverException: unknown error: Chrome failed to start: exited normally.\n  (unknown error: DevToolsActivePort file doesn't exist)\n  (The process started from chrome location /Applications/Google Chrome.app/Contents/MacOS/Google Chrome is no longer running, so ChromeDriver is assuming that Chrome has crashed.)\nBuild info: version: '3.141.59', revision: 'e82be7d358', time: '2018-11-14T08:17:03'\nSystem info: host: 'Syariefs-MacBook-Pro.local', ip: 'fe80:0:0:0:10cd:d509:13ee:f13e%en0', os.name: 'Mac OS X', os.arch: 'x86_64', os.version: '12.6', java.version: '11.0.15.1'\nDriver info: driver.version: ChromeDriver\nremote stacktrace: 0   chromedriver                        0x00000001044edf38 chromedriver + 4910904\n1   chromedriver                        0x000000010446da03 chromedriver + 4385283\n2   chromedriver                        0x00000001040b2747 chromedriver + 472903\n3   chromedriver                        0x00000001040df930 chromedriver + 657712\n4   chromedriver                        0x00000001040db4a2 chromedriver + 640162\n5   chromedriver                        0x0000000104126460 chromedriver + 947296\n6   chromedriver                        0x0000000104125cbf chromedriver + 945343\n7   chromedriver                        0x000000010411cee3 chromedriver + 909027\n8   chromedriver                        0x00000001040e730c chromedriver + 688908\n9   chromedriver                        0x00000001040e888e chromedriver + 694414\n10  chromedriver                        0x00000001044bb1de chromedriver + 4702686\n11  chromedriver                        0x00000001044bfb19 chromedriver + 4721433\n12  chromedriver                        0x00000001044c728e chromedriver + 4752014\n13  chromedriver                        0x00000001044c091a chromedriver + 4725018\n14  chromedriver                        0x0000000104494b02 chromedriver + 4545282\n15  chromedriver                        0x00000001044df888 chromedriver + 4851848\n16  chromedriver                        0x00000001044dfa05 chromedriver + 4852229\n17  chromedriver                        0x00000001044f5e5f chromedriver + 4943455\n18  libsystem_pthread.dylib             0x00007ff816f494e1 _pthread_start + 125\n19  libsystem_pthread.dylib             0x00007ff816f44f6b thread_start + 15\n\n\tat java.base/jdk.internal.reflect.NativeConstructorAccessorImpl.newInstance0(Native Method)\n\tat java.base/jdk.internal.reflect.NativeConstructorAccessorImpl.newInstance(NativeConstructorAccessorImpl.java:62)\n\tat java.base/jdk.internal.reflect.DelegatingConstructorAccessorImpl.newInstance(DelegatingConstructorAccessorImpl.java:45)\n\tat java.base/java.lang.reflect.Constructor.newInstance(Constructor.java:490)\n\tat org.openqa.selenium.remote.W3CHandshakeResponse.lambda$errorHandler$0(W3CHandshakeResponse.java:62)\n\tat org.openqa.selenium.remote.HandshakeResponse.lambda$getResponseFunction$0(HandshakeResponse.java:30)\n\tat org.openqa.selenium.remote.ProtocolHandshake.lambda$createSession$0(ProtocolHandshake.java:126)\n\tat java.base/java.util.stream.ReferencePipeline$3$1.accept(ReferencePipeline.java:195)\n\tat java.base/java.util.Spliterators$ArraySpliterator.tryAdvance(Spliterators.java:958)\n\tat java.base/java.util.stream.ReferencePipeline.forEachWithCancel(ReferencePipeline.java:127)\n\tat java.base/java.util.stream.AbstractPipeline.copyIntoWithCancel(AbstractPipeline.java:502)\n\tat java.base/java.util.stream.AbstractPipeline.copyInto(AbstractPipeline.java:488)\n\tat java.base/java.util.stream.AbstractPipeline.wrapAndCopyInto(AbstractPipeline.java:474)\n\tat java.base/java.util.stream.FindOps$FindOp.evaluateSequential(FindOps.java:150)\n\tat java.base/java.util.stream.AbstractPipeline.evaluate(AbstractPipeline.java:234)\n\tat java.base/java.util.stream.ReferencePipeline.findFirst(ReferencePipeline.java:543)\n\tat org.openqa.selenium.remote.ProtocolHandshake.createSession(ProtocolHandshake.java:128)\n\tat org.openqa.selenium.remote.ProtocolHandshake.createSession(ProtocolHandshake.java:74)\n\tat org.openqa.selenium.remote.HttpCommandExecutor.execute(HttpCommandExecutor.java:136)\n\tat org.openqa.selenium.remote.service.DriverCommandExecutor.execute(DriverCommandExecutor.java:83)\n\tat org.openqa.selenium.remote.RemoteWebDriver.execute(RemoteWebDriver.java:552)\n\tat org.openqa.selenium.remote.RemoteWebDriver.startSession(RemoteWebDriver.java:213)\n\tat org.openqa.selenium.remote.RemoteWebDriver.<init>(RemoteWebDriver.java:131)\n\tat org.openqa.selenium.chrome.ChromeDriver.<init>(ChromeDriver.java:181)\n\tat org.openqa.selenium.chrome.ChromeDriver.<init>(ChromeDriver.java:168)\n\tat org.openqa.selenium.chrome.ChromeDriver.<init>(ChromeDriver.java:157)\n\tat com.Dayat.base.TestBase.initialization(TestBase.java:43)\n\tat com.Dayat.stepdefs.StepBlast.userNavigateToBlastMenu(StepBlast.java:21)\n\tat ✽.User navigate to Blast menu(file:///Users/syariefhidayat/Documents/BigProjectCicleStaging/src/test/resources/featureBlast/featureBlastPositive.feature:27)\n","duration":5126553000,"status":"failed"},"line":27,"name":"User navigate to Blast menu","match":{"location":"com.Dayat.stepdefs.StepBlast.userNavigateToBlastMenu()"},"keyword":"Given "},{"result":{"duration":7459000,"status":"skipped"},"line":28,"name":"User select post blast want comment","match":{"location":"com.Dayat.stepdefs.StepBlast.userSelectPostBlastWantComment()"},"keyword":"When "},{"result":{"duration":722000,"status":"skipped"},"line":29,"name":"User click select comment","match":{"location":"com.Dayat.stepdefs.StepBlast.userClickSelectComment()"},"keyword":"And "},{"result":{"duration":1383000,"status":"skipped"},"line":30,"name":"User input tell story comment","match":{"location":"com.Dayat.stepdefs.StepBlast.userInputTellStoryComment()"},"keyword":"And "},{"result":{"duration":750000,"status":"skipped"},"line":31,"name":"User click button post","match":{"location":"com.Dayat.stepdefs.StepBlast.userClickButtonPost()"},"keyword":"And "},{"result":{"duration":395000,"status":"skipped"},"line":32,"name":"User create comment successful","match":{"location":"com.Dayat.stepdefs.StepBlast.userCreateCommentSuccessful()"},"keyword":"Then "}],"tags":[{"name":"@Blast-Positive"},{"name":"@Positive-Comment-at-Blast-Post"}]}],"name":"Test functionality blast Page","description":"","id":"test-functionality-blast-page","keyword":"Feature","uri":"file:src/test/resources/featureBlast/featureBlastPositive.feature","tags":[{"name":"@Blast-Positive","type":"Tag","location":{"line":1,"column":1}}]}]